/usr/bin/python3: can't open file '/home/dickin/FRC/UltrasonicManager/sonic_manager.py': [Errno 2] No such file or directory
/usr/bin/python3: can't open file '/home/dickin/FRC/UltrasonicManager/sonic_manager.py': [Errno 2] No such file or directory
/usr/bin/python3: can't open file '/home/dickin/FRC/UltrasonicManager/sonic_manager.py': [Errno 2] No such file or directory
/usr/bin/python3: can't open file '/home/dickin/FRC/UltrasonicManager/sonic_manager.py': [Errno 2] No such file or directory
/usr/bin/python3: can't open file '/home/dickin/FRC/UltrasonicManager/sonic_manager.py': [Errno 2] No such file or directory
/usr/bin/python3: can't open file '/home/dickin/FRC/UltrasonicManager/sonic_manager.py': [Errno 2] No such file or directory
/usr/bin/python3: can't open file '/home/dickin/FRC/UltrasonicManager/sonic_manager.py': [Errno 2] No such file or directory
/usr/bin/python3: can't open file '/home/dickin/FRC/UltrasonicManager/sonic_manager.py': [Errno 2] No such file or directory
/usr/bin/python3: can't open file '/home/dickin/FRC/UltrasonicManager/sonic_manager.py': [Errno 2] No such file or directory
/usr/bin/python3: can't open file '/home/dickin/FRC/UltrasonicManager/sonic_manager.py': [Errno 2] No such file or directory
Traceback (most recent call last):
  File "/home/dickin/FRC/UltrasonicManager/ultrasonic_resender.py", line 6, in <module>
    import zmq
ModuleNotFoundError: No module named 'zmq'
Traceback (most recent call last):
  File "/home/dickin/FRC/UltrasonicManager/ultrasonic_resender.py", line 6, in <module>
    import zmq
ModuleNotFoundError: No module named 'zmq'
Traceback (most recent call last):
  File "/home/dickin/FRC/UltrasonicManager/ultrasonic_resender.py", line 6, in <module>
    import zmq
ModuleNotFoundError: No module named 'zmq'
Traceback (most recent call last):
  File "/home/dickin/FRC/UltrasonicManager/ultrasonic_resender.py", line 6, in <module>
    import zmq
ModuleNotFoundError: No module named 'zmq'
Traceback (most recent call last):
  File "/home/dickin/FRC/UltrasonicManager/ultrasonic_resender.py", line 6, in <module>
    import zmq
ModuleNotFoundError: No module named 'zmq'
Traceback (most recent call last):
  File "/home/dickin/FRC/UltrasonicManager/ultrasonic_resender.py", line 6, in <module>
    import zmq
ModuleNotFoundError: No module named 'zmq'
Traceback (most recent call last):
  File "/home/dickin/FRC/UltrasonicManager/ultrasonic_resender.py", line 6, in <module>
    import zmq
ModuleNotFoundError: No module named 'zmq'
